\BOOKMARK [1][-]{section.1}{Introduction}{}
\BOOKMARK [1][-]{section.2}{Project Specification}{}
\BOOKMARK [2][-]{subsection.2.1}{Project Description}{section.2}
\BOOKMARK [2][-]{subsection.2.2}{Process Model}{section.2}
\BOOKMARK [2][-]{subsection.2.3}{Requirements}{section.2}
\BOOKMARK [3][-]{subsubsection.2.3.1}{General Requirements}{subsection.2.3}
\BOOKMARK [3][-]{subsubsection.2.3.2}{Overall System Requirements}{subsection.2.3}
\BOOKMARK [3][-]{subsubsection.2.3.3}{Data Measuring Nodes Requirements}{subsection.2.3}
\BOOKMARK [3][-]{subsubsection.2.3.4}{Collecting Node Requirements}{subsection.2.3}
\BOOKMARK [3][-]{subsubsection.2.3.5}{PC Application Requirements}{subsection.2.3}
\BOOKMARK [1][-]{section.3}{System Architecture}{}
\BOOKMARK [2][-]{subsection.3.1}{Architecture}{section.3}
\BOOKMARK [3][-]{subsubsection.3.1.1}{The Sensors}{subsection.3.1}
\BOOKMARK [3][-]{subsubsection.3.1.2}{Measuring Nodes}{subsection.3.1}
\BOOKMARK [3][-]{subsubsection.3.1.3}{Collecting Node}{subsection.3.1}
\BOOKMARK [2][-]{subsection.3.2}{Software Architecture}{section.3}
\BOOKMARK [3][-]{subsubsection.3.2.1}{Messaging}{subsection.3.2}
\BOOKMARK [3][-]{subsubsection.3.2.2}{Collecting Node}{subsection.3.2}
\BOOKMARK [3][-]{subsubsection.3.2.3}{Measuring Nodes}{subsection.3.2}
\BOOKMARK [3][-]{subsubsection.3.2.4}{Application}{subsection.3.2}
\BOOKMARK [1][-]{section.4}{Project Estimates}{}
\BOOKMARK [2][-]{subsection.4.1}{Estimation technique Function Point}{section.4}
\BOOKMARK [1][-]{section.5}{Project Schedule}{}
\BOOKMARK [1][-]{section.6}{Staff Organization}{}
\BOOKMARK [2][-]{subsection.6.1}{Team structure}{section.6}
\BOOKMARK [2][-]{subsection.6.2}{Management reporting and communication}{section.6}
\BOOKMARK [1][-]{section.7}{Project Results}{}
\BOOKMARK [2][-]{subsection.7.1}{Software for the Collecting Node}{section.7}
\BOOKMARK [2][-]{subsection.7.2}{Software for the Measurement Nodes}{section.7}
\BOOKMARK [2][-]{subsection.7.3}{WSN Accessing Application}{section.7}
\BOOKMARK [1][-]{section.8}{Protocol}{}
